c:\users\usuario\desktop\jogo\magicgolens\x64\debug\magicgolens.pch
c:\users\usuario\desktop\jogo\magicgolens\x64\debug\vc142.pdb
c:\users\usuario\desktop\jogo\magicgolens\x64\debug\vc142.idb
c:\users\usuario\desktop\jogo\magicgolens\x64\debug\stdafx.obj
c:\users\usuario\desktop\jogo\magicgolens\x64\debug\personagem.obj
c:\users\usuario\desktop\jogo\magicgolens\x64\debug\magicgolens.obj
c:\users\usuario\desktop\jogo\magicgolens\x64\debug\listaentidades.obj
c:\users\usuario\desktop\jogo\magicgolens\x64\debug\jogo.obj
c:\users\usuario\desktop\jogo\magicgolens\x64\debug\jogador.obj
c:\users\usuario\desktop\jogo\magicgolens\x64\debug\gerenciadorgrafico.obj
c:\users\usuario\desktop\jogo\magicgolens\x64\debug\gerenciadoratualizacoes.obj
c:\users\usuario\desktop\jogo\magicgolens\x64\debug\fase.obj
c:\users\usuario\desktop\jogo\magicgolens\x64\debug\entidade.obj
c:\users\usuario\desktop\jogo\magicgolens\x64\debug\magicgolens.ilk
c:\users\usuario\desktop\jogo\magicgolens\x64\debug\magicgolens.exe
c:\users\usuario\desktop\jogo\magicgolens\x64\debug\magicgolens.pdb
c:\users\usuario\desktop\jogo\magicgolens\x64\debug\magicgolens.tlog\cl.command.1.tlog
c:\users\usuario\desktop\jogo\magicgolens\x64\debug\magicgolens.tlog\cl.read.1.tlog
c:\users\usuario\desktop\jogo\magicgolens\x64\debug\magicgolens.tlog\cl.write.1.tlog
c:\users\usuario\desktop\jogo\magicgolens\x64\debug\magicgolens.tlog\link.command.1.tlog
c:\users\usuario\desktop\jogo\magicgolens\x64\debug\magicgolens.tlog\link.read.1.tlog
c:\users\usuario\desktop\jogo\magicgolens\x64\debug\magicgolens.tlog\link.write.1.tlog
