c:\users\felip\desktop\gitprojjogo\tecproggame\gamev6\magicgolens\x64\debug\magicgolens.pch
c:\users\felip\desktop\gitprojjogo\tecproggame\gamev6\magicgolens\x64\debug\vc142.pdb
c:\users\felip\desktop\gitprojjogo\tecproggame\gamev6\magicgolens\x64\debug\vc142.idb
c:\users\felip\desktop\gitprojjogo\tecproggame\gamev6\magicgolens\x64\debug\stdafx.obj
c:\users\felip\desktop\gitprojjogo\tecproggame\gamev6\magicgolens\x64\debug\tile.obj
c:\users\felip\desktop\gitprojjogo\tecproggame\gamev6\magicgolens\x64\debug\personagem.obj
c:\users\felip\desktop\gitprojjogo\tecproggame\gamev6\magicgolens\x64\debug\menupause.obj
c:\users\felip\desktop\gitprojjogo\tecproggame\gamev6\magicgolens\x64\debug\menuinicial.obj
c:\users\felip\desktop\gitprojjogo\tecproggame\gamev6\magicgolens\x64\debug\menufases.obj
c:\users\felip\desktop\gitprojjogo\tecproggame\gamev6\magicgolens\x64\debug\menu.obj
c:\users\felip\desktop\gitprojjogo\tecproggame\gamev6\magicgolens\x64\debug\mapa.obj
c:\users\felip\desktop\gitprojjogo\tecproggame\gamev6\magicgolens\x64\debug\magicgolens.obj
c:\users\felip\desktop\gitprojjogo\tecproggame\gamev6\magicgolens\x64\debug\listaentidades.obj
c:\users\felip\desktop\gitprojjogo\tecproggame\gamev6\magicgolens\x64\debug\jogo.obj
c:\users\felip\desktop\gitprojjogo\tecproggame\gamev6\magicgolens\x64\debug\jogador.obj
c:\users\felip\desktop\gitprojjogo\tecproggame\gamev6\magicgolens\x64\debug\gerenciadormapa.obj
c:\users\felip\desktop\gitprojjogo\tecproggame\gamev6\magicgolens\x64\debug\gerenciadorgrafico.obj
c:\users\felip\desktop\gitprojjogo\tecproggame\gamev6\magicgolens\x64\debug\gerenciadorestado.obj
c:\users\felip\desktop\gitprojjogo\tecproggame\gamev6\magicgolens\x64\debug\gerenciadoratualizacoes.obj
c:\users\felip\desktop\gitprojjogo\tecproggame\gamev6\magicgolens\x64\debug\fasepedra.obj
c:\users\felip\desktop\gitprojjogo\tecproggame\gamev6\magicgolens\x64\debug\fase.obj
c:\users\felip\desktop\gitprojjogo\tecproggame\gamev6\magicgolens\x64\debug\entidade.obj
c:\users\felip\desktop\gitprojjogo\tecproggame\gamev6\magicgolens\x64\debug\magicgolens.ilk
c:\users\felip\desktop\gitprojjogo\tecproggame\gamev6\magicgolens\x64\debug\magicgolens.exe
c:\users\felip\desktop\gitprojjogo\tecproggame\gamev6\magicgolens\x64\debug\magicgolens.pdb
d:\repositorio_magicgolens\tecproggame\gamev6\magicgolens\x64\debug\entidade.obj
d:\repositorio_magicgolens\tecproggame\gamev6\magicgolens\x64\debug\fase.obj
d:\repositorio_magicgolens\tecproggame\gamev6\magicgolens\x64\debug\fase1.obj
d:\repositorio_magicgolens\tecproggame\gamev6\magicgolens\x64\debug\fasepedra.obj
d:\repositorio_magicgolens\tecproggame\gamev6\magicgolens\x64\debug\gerenciadoratualizacoes.obj
d:\repositorio_magicgolens\tecproggame\gamev6\magicgolens\x64\debug\gerenciadorestado.obj
d:\repositorio_magicgolens\tecproggame\gamev6\magicgolens\x64\debug\gerenciadorgrafico.obj
d:\repositorio_magicgolens\tecproggame\gamev6\magicgolens\x64\debug\gerenciadormapa.obj
d:\repositorio_magicgolens\tecproggame\gamev6\magicgolens\x64\debug\jogador.obj
d:\repositorio_magicgolens\tecproggame\gamev6\magicgolens\x64\debug\jogo.obj
d:\repositorio_magicgolens\tecproggame\gamev6\magicgolens\x64\debug\listaentidades.obj
d:\repositorio_magicgolens\tecproggame\gamev6\magicgolens\x64\debug\magicgolens.obj
d:\repositorio_magicgolens\tecproggame\gamev6\magicgolens\x64\debug\mapa.obj
d:\repositorio_magicgolens\tecproggame\gamev6\magicgolens\x64\debug\menu.obj
d:\repositorio_magicgolens\tecproggame\gamev6\magicgolens\x64\debug\menufases.obj
d:\repositorio_magicgolens\tecproggame\gamev6\magicgolens\x64\debug\menuinicial.obj
d:\repositorio_magicgolens\tecproggame\gamev6\magicgolens\x64\debug\menupause.obj
d:\repositorio_magicgolens\tecproggame\gamev6\magicgolens\x64\debug\personagem.obj
d:\repositorio_magicgolens\tecproggame\gamev6\magicgolens\x64\debug\stdafx.obj
d:\repositorio_magicgolens\tecproggame\gamev6\magicgolens\x64\debug\tile.obj
d:\repositorio_magicgolens\tecproggame\gamev6\magicgolens\x64\debug\magicgolens.ilk
d:\repositorio_magicgolens\tecproggame\gamev6\magicgolens\x64\debug\vc142.idb
d:\repositorio_magicgolens\tecproggame\gamev6\magicgolens\x64\debug\magicgolens.pdb
d:\repositorio_magicgolens\tecproggame\gamev6\magicgolens\x64\debug\vc142.pdb
d:\repositorio_magicgolens\tecproggame\gamev6\magicgolens\x64\debug\magicgolens.exe
d:\repositorio_magicgolens\tecproggame\gamev6\magicgolens\x64\debug\magicgolens.tlog\cl.command.1.tlog
d:\repositorio_magicgolens\tecproggame\gamev6\magicgolens\x64\debug\magicgolens.tlog\cl.read.1.tlog
d:\repositorio_magicgolens\tecproggame\gamev6\magicgolens\x64\debug\magicgolens.tlog\cl.write.1.tlog
d:\repositorio_magicgolens\tecproggame\gamev6\magicgolens\x64\debug\magicgolens.tlog\link.command.1.tlog
d:\repositorio_magicgolens\tecproggame\gamev6\magicgolens\x64\debug\magicgolens.tlog\link.read.1.tlog
d:\repositorio_magicgolens\tecproggame\gamev6\magicgolens\x64\debug\magicgolens.tlog\link.write.1.tlog
