d:\repositorio_magicgolens\tecproggame\gamev8\magicgolens\x64\debug\magicgolens.pch
d:\repositorio_magicgolens\tecproggame\gamev8\magicgolens\x64\debug\vc142.pdb
d:\repositorio_magicgolens\tecproggame\gamev8\magicgolens\x64\debug\vc142.idb
d:\repositorio_magicgolens\tecproggame\gamev8\magicgolens\x64\debug\stdafx.obj
d:\repositorio_magicgolens\tecproggame\gamev8\magicgolens\x64\debug\gerenciadorgrafico.obj
d:\repositorio_magicgolens\tecproggame\gamev8\magicgolens\x64\debug\gerenciadorestado.obj
d:\repositorio_magicgolens\tecproggame\gamev8\magicgolens\x64\debug\gerenciadorcolisoes.obj
d:\repositorio_magicgolens\tecproggame\gamev8\magicgolens\x64\debug\gerenciadoratualizacoes.obj
d:\repositorio_magicgolens\tecproggame\gamev8\magicgolens\x64\debug\fogo.obj
d:\repositorio_magicgolens\tecproggame\gamev8\magicgolens\x64\debug\fasepedra.obj
d:\repositorio_magicgolens\tecproggame\gamev8\magicgolens\x64\debug\fasegelo.obj
d:\repositorio_magicgolens\tecproggame\gamev8\magicgolens\x64\debug\fasefogo.obj
d:\repositorio_magicgolens\tecproggame\gamev8\magicgolens\x64\debug\fase.obj
d:\repositorio_magicgolens\tecproggame\gamev8\magicgolens\x64\debug\estalactite.obj
d:\repositorio_magicgolens\tecproggame\gamev8\magicgolens\x64\debug\espinho.obj
d:\repositorio_magicgolens\tecproggame\gamev8\magicgolens\x64\debug\entidade.obj
d:\repositorio_magicgolens\tecproggame\gamev8\magicgolens\x64\debug\cristalgelo.obj
d:\repositorio_magicgolens\tecproggame\gamev8\magicgolens\x64\debug\chefao.obj
d:\repositorio_magicgolens\tecproggame\gamev8\magicgolens\x64\debug\bloco.obj
d:\repositorio_magicgolens\tecproggame\gamev8\magicgolens\x64\debug\atirador.obj
d:\repositorio_magicgolens\tecproggame\gamev8\magicgolens\x64\debug\arremessavel.obj
d:\repositorio_magicgolens\tecproggame\gamev8\magicgolens\x64\debug\areia.obj
d:\repositorio_magicgolens\tecproggame\gamev8\magicgolens\x64\debug\ar.obj
d:\repositorio_magicgolens\tecproggame\gamev8\magicgolens\x64\debug\anjo.obj
d:\repositorio_magicgolens\tecproggame\gamev8\magicgolens\x64\debug\personagem.obj
d:\repositorio_magicgolens\tecproggame\gamev8\magicgolens\x64\debug\orbe.obj
d:\repositorio_magicgolens\tecproggame\gamev8\magicgolens\x64\debug\obstaculo.obj
d:\repositorio_magicgolens\tecproggame\gamev8\magicgolens\x64\debug\menupause.obj
d:\repositorio_magicgolens\tecproggame\gamev8\magicgolens\x64\debug\menujogadores.obj
d:\repositorio_magicgolens\tecproggame\gamev8\magicgolens\x64\debug\menuinicial.obj
d:\repositorio_magicgolens\tecproggame\gamev8\magicgolens\x64\debug\menufases.obj
d:\repositorio_magicgolens\tecproggame\gamev8\magicgolens\x64\debug\menu.obj
d:\repositorio_magicgolens\tecproggame\gamev8\magicgolens\x64\debug\mapa.obj
d:\repositorio_magicgolens\tecproggame\gamev8\magicgolens\x64\debug\mago.obj
d:\repositorio_magicgolens\tecproggame\gamev8\magicgolens\x64\debug\magicgolens.obj
d:\repositorio_magicgolens\tecproggame\gamev8\magicgolens\x64\debug\listaentidades.obj
d:\repositorio_magicgolens\tecproggame\gamev8\magicgolens\x64\debug\leaderboard.obj
d:\repositorio_magicgolens\tecproggame\gamev8\magicgolens\x64\debug\jogo.obj
d:\repositorio_magicgolens\tecproggame\gamev8\magicgolens\x64\debug\jogador.obj
d:\repositorio_magicgolens\tecproggame\gamev8\magicgolens\x64\debug\inimigo.obj
d:\repositorio_magicgolens\tecproggame\gamev8\magicgolens\x64\debug\golempedra.obj
d:\repositorio_magicgolens\tecproggame\gamev8\magicgolens\x64\debug\golemfogo.obj
d:\repositorio_magicgolens\tecproggame\gamev8\magicgolens\x64\debug\golemgelo.obj
d:\repositorio_magicgolens\tecproggame\gamev8\magicgolens\x64\debug\gerenciadormapa.obj
d:\repositorio_magicgolens\tecproggame\gamev8\magicgolens\x64\debug\tile.obj
d:\repositorio_magicgolens\tecproggame\gamev8\magicgolens\x64\debug\textbox.obj
d:\repositorio_magicgolens\tecproggame\gamev8\magicgolens\x64\debug\porta.obj
d:\repositorio_magicgolens\tecproggame\gamev8\magicgolens\debug\magicgolens.ilk
d:\repositorio_magicgolens\tecproggame\gamev8\magicgolens\debug\magicgolens.exe
d:\repositorio_magicgolens\tecproggame\gamev8\magicgolens\debug\magicgolens.pdb
d:\repositorio_magicgolens\tecproggame\gamev8\magicgolens\x64\debug\magicgolens.tlog\cl.command.1.tlog
d:\repositorio_magicgolens\tecproggame\gamev8\magicgolens\x64\debug\magicgolens.tlog\cl.read.1.tlog
d:\repositorio_magicgolens\tecproggame\gamev8\magicgolens\x64\debug\magicgolens.tlog\cl.write.1.tlog
d:\repositorio_magicgolens\tecproggame\gamev8\magicgolens\x64\debug\magicgolens.tlog\link.command.1.tlog
d:\repositorio_magicgolens\tecproggame\gamev8\magicgolens\x64\debug\magicgolens.tlog\link.read.1.tlog
d:\repositorio_magicgolens\tecproggame\gamev8\magicgolens\x64\debug\magicgolens.tlog\link.write.1.tlog
